build/app/intermediates/manifest_merge_blame_file/debug/manifest-merger-blame-debug-report.txt
1<?xml version="1.0" encoding="utf-8"?>
2<manifest xmlns:android="http://schemas.android.com/apk/res/android"
3    package="com.example.unico"
4    android:versionCode="1"
5    android:versionName="1.0.0" >
6
7    <uses-sdk
8        android:minSdkVersion="21"
9        android:targetSdkVersion="30" />
10    <!--
11         Flutter needs it to communicate with the running application
12         to allow setting breakpoints, to provide hot reload, etc.
13    -->
14    <uses-permission android:name="android.permission.INTERNET" />
14-->src\debug\AndroidManifest.xml:6:5-66
14-->src\debug\AndroidManifest.xml:6:22-64
15    <uses-permission android:name="android.permission.WAKE_LOCK" />
15-->[:firebase_messaging] AndroidManifest.xml:8:5-68
15-->[:firebase_messaging] AndroidManifest.xml:8:22-65
16    <uses-permission android:name="android.permission.ACCESS_NETWORK_STATE" />
16-->[:firebase_messaging] AndroidManifest.xml:9:5-79
16-->[:firebase_messaging] AndroidManifest.xml:9:22-76
17    <uses-permission android:name="android.permission.READ_EXTERNAL_STORAGE" />
17-->[:file_picker] AndroidManifest.xml:7:5-80
17-->[:file_picker] AndroidManifest.xml:7:22-77
18
19    <queries>
19-->[:file_picker] AndroidManifest.xml:9:5-15:15
20        <intent>
20-->[:file_picker] AndroidManifest.xml:10:9-14:18
21            <action android:name="android.intent.action.GET_CONTENT" />
21-->[:file_picker] AndroidManifest.xml:11:13-72
21-->[:file_picker] AndroidManifest.xml:11:21-69
22
23            <data android:mimeType="*/*" />
23-->[:file_picker] AndroidManifest.xml:13:13-44
23-->[:file_picker] AndroidManifest.xml:13:19-41
24        </intent>
25    </queries>
26
27    <uses-permission android:name="android.permission.RECEIVE_BOOT_COMPLETED" />
27-->[:flutter_local_notifications] AndroidManifest.xml:7:5-81
27-->[:flutter_local_notifications] AndroidManifest.xml:7:22-78
28    <uses-permission android:name="android.permission.VIBRATE" />
28-->[:flutter_local_notifications] AndroidManifest.xml:8:5-66
28-->[:flutter_local_notifications] AndroidManifest.xml:8:22-63
29    <uses-permission android:name="android.permission.USE_FULL_SCREEN_INTENT" />
29-->[:flutter_local_notifications] AndroidManifest.xml:9:5-81
29-->[:flutter_local_notifications] AndroidManifest.xml:9:22-78
30    <uses-permission android:name="android.permission.SCHEDULE_EXACT_ALARM" /> <!-- Required by older versions of Google Play services to create IID tokens -->
30-->[:flutter_local_notifications] AndroidManifest.xml:10:5-79
30-->[:flutter_local_notifications] AndroidManifest.xml:10:22-76
31    <uses-permission android:name="com.google.android.c2dm.permission.RECEIVE" />
31-->[com.google.firebase:firebase-messaging:23.0.0] AndroidManifest.xml:25:5-82
31-->[com.google.firebase:firebase-messaging:23.0.0] AndroidManifest.xml:25:22-79
32    <uses-permission android:name="com.google.android.finsky.permission.BIND_GET_INSTALL_REFERRER_SERVICE" /> <!-- Include required permissions for Advertising Id -->
32-->[com.google.android.gms:play-services-measurement:20.0.2] AndroidManifest.xml:26:5-110
32-->[com.google.android.gms:play-services-measurement:20.0.2] AndroidManifest.xml:26:22-107
33    <uses-permission android:name="com.google.android.gms.permission.AD_ID" />
33-->[com.google.android.gms:play-services-ads-identifier:18.0.0] AndroidManifest.xml:23:5-79
33-->[com.google.android.gms:play-services-ads-identifier:18.0.0] AndroidManifest.xml:23:22-76
34
35    <application
35-->src\main\AndroidManifest.xml:3:4-40:19
36        android:appComponentFactory="androidx.core.app.CoreComponentFactory"
36-->[androidx.core:core:1.6.0] AndroidManifest.xml:24:18-86
37        android:debuggable="true"
38        android:icon="@mipmap/ic_launcher"
38-->src\main\AndroidManifest.xml:5:9-43
39        android:label="unico" >
39-->src\main\AndroidManifest.xml:4:9-30
40        <activity
40-->src\main\AndroidManifest.xml:6:9-34:20
41            android:name="com.example.unico.MainActivity"
41-->src\main\AndroidManifest.xml:7:13-41
42            android:configChanges="orientation|keyboardHidden|keyboard|screenSize|smallestScreenSize|locale|layoutDirection|fontScale|screenLayout|density|uiMode"
42-->src\main\AndroidManifest.xml:10:13-163
43            android:hardwareAccelerated="true"
43-->src\main\AndroidManifest.xml:11:13-47
44            android:launchMode="singleTop"
44-->src\main\AndroidManifest.xml:8:13-43
45            android:theme="@style/LaunchTheme"
45-->src\main\AndroidManifest.xml:9:13-47
46            android:windowSoftInputMode="adjustResize" >
46-->src\main\AndroidManifest.xml:12:13-55
47
48            <!--
49                 Specifies an Android theme to apply to this Activity as soon as
50                 the Android process has started. This theme is visible to the user
51                 while the Flutter UI initializes. After that, this theme continues
52                 to determine the Window background behind the Flutter UI.
53            -->
54            <meta-data
54-->src\main\AndroidManifest.xml:17:13-20:17
55                android:name="io.flutter.embedding.android.NormalTheme"
55-->src\main\AndroidManifest.xml:18:15-70
56                android:resource="@style/NormalTheme" />
56-->src\main\AndroidManifest.xml:19:15-52
57            <!--
58                 Displays an Android View that continues showing the launch screen
59                 Drawable until Flutter paints its first frame, then this splash
60                 screen fades out. A splash screen is useful to avoid any visual
61                 gap between the end of Android's launch screen and the painting of
62                 Flutter's first frame.
63            -->
64            <meta-data
64-->src\main\AndroidManifest.xml:26:13-29:17
65                android:name="io.flutter.embedding.android.SplashScreenDrawable"
65-->src\main\AndroidManifest.xml:27:15-79
66                android:resource="@drawable/launch_background" />
66-->src\main\AndroidManifest.xml:28:15-61
67
68            <intent-filter>
68-->src\main\AndroidManifest.xml:30:13-33:29
69                <action android:name="android.intent.action.MAIN" />
69-->src\main\AndroidManifest.xml:31:17-68
69-->src\main\AndroidManifest.xml:31:25-66
70
71                <category android:name="android.intent.category.LAUNCHER" />
71-->src\main\AndroidManifest.xml:32:17-76
71-->src\main\AndroidManifest.xml:32:27-74
72            </intent-filter>
73        </activity>
74        <!--
75             Don't delete the meta-data below.
76             This is used by the Flutter tool to generate GeneratedPluginRegistrant.java
77        -->
78        <meta-data
78-->src\main\AndroidManifest.xml:37:9-39:33
79            android:name="flutterEmbedding"
79-->src\main\AndroidManifest.xml:38:13-44
80            android:value="2" />
80-->src\main\AndroidManifest.xml:39:13-30
81
82        <service
82-->[:firebase_auth] AndroidManifest.xml:8:9-12:19
83            android:name="com.google.firebase.components.ComponentDiscoveryService"
83-->[:firebase_auth] AndroidManifest.xml:8:18-89
84            android:directBootAware="true"
84-->[com.google.firebase:firebase-common:20.0.0] AndroidManifest.xml:35:13-43
85            android:exported="false" >
85-->[com.google.firebase:firebase-messaging:23.0.0] AndroidManifest.xml:51:13-37
86            <meta-data
86-->[:firebase_auth] AndroidManifest.xml:9:13-11:85
87                android:name="com.google.firebase.components:io.flutter.plugins.firebase.auth.FlutterFirebaseAuthRegistrar"
87-->[:firebase_auth] AndroidManifest.xml:10:17-124
88                android:value="com.google.firebase.components.ComponentRegistrar" />
88-->[:firebase_auth] AndroidManifest.xml:11:17-82
89            <meta-data
89-->[:firebase_storage] AndroidManifest.xml:9:13-11:85
90                android:name="com.google.firebase.components:io.flutter.plugins.firebase.storage.FlutterFirebaseAppRegistrar"
90-->[:firebase_storage] AndroidManifest.xml:10:17-126
91                android:value="com.google.firebase.components.ComponentRegistrar" />
91-->[:firebase_storage] AndroidManifest.xml:11:17-82
92            <meta-data
92-->[:cloud_firestore] AndroidManifest.xml:9:13-11:85
93                android:name="com.google.firebase.components:io.flutter.plugins.firebase.firestore.FlutterFirebaseFirestoreRegistrar"
93-->[:cloud_firestore] AndroidManifest.xml:10:17-134
94                android:value="com.google.firebase.components.ComponentRegistrar" />
94-->[:cloud_firestore] AndroidManifest.xml:11:17-82
95            <meta-data
95-->[:firebase_messaging] AndroidManifest.xml:34:13-36:85
96                android:name="com.google.firebase.components:io.flutter.plugins.firebase.messaging.FlutterFirebaseAppRegistrar"
96-->[:firebase_messaging] AndroidManifest.xml:35:17-128
97                android:value="com.google.firebase.components.ComponentRegistrar" />
97-->[:firebase_messaging] AndroidManifest.xml:36:17-82
98            <meta-data
98-->[:firebase_core] AndroidManifest.xml:9:13-11:85
99                android:name="com.google.firebase.components:io.flutter.plugins.firebase.core.FlutterFirebaseCoreRegistrar"
99-->[:firebase_core] AndroidManifest.xml:10:17-124
100                android:value="com.google.firebase.components.ComponentRegistrar" />
100-->[:firebase_core] AndroidManifest.xml:11:17-82
101            <meta-data
101-->[com.google.firebase:firebase-messaging:23.0.0] AndroidManifest.xml:52:13-54:85
102                android:name="com.google.firebase.components:com.google.firebase.messaging.FirebaseMessagingRegistrar"
102-->[com.google.firebase:firebase-messaging:23.0.0] AndroidManifest.xml:53:17-119
103                android:value="com.google.firebase.components.ComponentRegistrar" />
103-->[com.google.firebase:firebase-messaging:23.0.0] AndroidManifest.xml:54:17-82
104            <meta-data
104-->[com.google.firebase:firebase-datatransport:18.0.0] AndroidManifest.xml:28:13-30:85
105                android:name="com.google.firebase.components:com.google.firebase.datatransport.TransportRegistrar"
105-->[com.google.firebase:firebase-datatransport:18.0.0] AndroidManifest.xml:29:17-115
106                android:value="com.google.firebase.components.ComponentRegistrar" />
106-->[com.google.firebase:firebase-datatransport:18.0.0] AndroidManifest.xml:30:17-82
107            <meta-data
107-->[com.google.firebase:firebase-auth:21.0.1] AndroidManifest.xml:77:13-79:85
108                android:name="com.google.firebase.components:com.google.firebase.auth.FirebaseAuthRegistrar"
108-->[com.google.firebase:firebase-auth:21.0.1] AndroidManifest.xml:78:17-109
109                android:value="com.google.firebase.components.ComponentRegistrar" />
109-->[com.google.firebase:firebase-auth:21.0.1] AndroidManifest.xml:79:17-82
110            <meta-data
110-->[com.google.firebase:firebase-firestore:24.0.0] AndroidManifest.xml:20:13-22:85
111                android:name="com.google.firebase.components:com.google.firebase.firestore.FirestoreRegistrar"
111-->[com.google.firebase:firebase-firestore:24.0.0] AndroidManifest.xml:21:17-111
112                android:value="com.google.firebase.components.ComponentRegistrar" />
112-->[com.google.firebase:firebase-firestore:24.0.0] AndroidManifest.xml:22:17-82
113            <meta-data
113-->[com.google.firebase:firebase-storage:20.0.0] AndroidManifest.xml:33:13-35:85
114                android:name="com.google.firebase.components:com.google.firebase.storage.StorageRegistrar"
114-->[com.google.firebase:firebase-storage:20.0.0] AndroidManifest.xml:34:17-107
115                android:value="com.google.firebase.components.ComponentRegistrar" />
115-->[com.google.firebase:firebase-storage:20.0.0] AndroidManifest.xml:35:17-82
116            <meta-data
116-->[com.google.android.gms:play-services-measurement-api:20.0.2] AndroidManifest.xml:30:13-32:85
117                android:name="com.google.firebase.components:com.google.firebase.analytics.connector.internal.AnalyticsConnectorRegistrar"
117-->[com.google.android.gms:play-services-measurement-api:20.0.2] AndroidManifest.xml:31:17-139
118                android:value="com.google.firebase.components.ComponentRegistrar" />
118-->[com.google.android.gms:play-services-measurement-api:20.0.2] AndroidManifest.xml:32:17-82
119            <meta-data
119-->[com.google.firebase:firebase-installations:17.0.0] AndroidManifest.xml:18:13-20:85
120                android:name="com.google.firebase.components:com.google.firebase.installations.FirebaseInstallationsRegistrar"
120-->[com.google.firebase:firebase-installations:17.0.0] AndroidManifest.xml:19:17-127
121                android:value="com.google.firebase.components.ComponentRegistrar" />
121-->[com.google.firebase:firebase-installations:17.0.0] AndroidManifest.xml:20:17-82
122        </service>
123        <service
123-->[:firebase_messaging] AndroidManifest.xml:12:9-15:72
124            android:name="io.flutter.plugins.firebase.messaging.FlutterFirebaseMessagingBackgroundService"
124-->[:firebase_messaging] AndroidManifest.xml:13:13-107
125            android:exported="false"
125-->[:firebase_messaging] AndroidManifest.xml:14:13-37
126            android:permission="android.permission.BIND_JOB_SERVICE" />
126-->[:firebase_messaging] AndroidManifest.xml:15:13-69
127        <service
127-->[:firebase_messaging] AndroidManifest.xml:16:9-22:19
128            android:name="io.flutter.plugins.firebase.messaging.FlutterFirebaseMessagingService"
128-->[:firebase_messaging] AndroidManifest.xml:17:13-97
129            android:exported="false" >
129-->[:firebase_messaging] AndroidManifest.xml:18:13-37
130            <intent-filter>
130-->[:firebase_messaging] AndroidManifest.xml:19:13-21:29
131                <action android:name="com.google.firebase.MESSAGING_EVENT" />
131-->[:firebase_messaging] AndroidManifest.xml:20:17-78
131-->[:firebase_messaging] AndroidManifest.xml:20:25-75
132            </intent-filter>
133        </service>
134
135        <receiver
135-->[:firebase_messaging] AndroidManifest.xml:24:9-31:20
136            android:name="io.flutter.plugins.firebase.messaging.FlutterFirebaseMessagingReceiver"
136-->[:firebase_messaging] AndroidManifest.xml:25:13-98
137            android:exported="true"
137-->[:firebase_messaging] AndroidManifest.xml:26:13-36
138            android:permission="com.google.android.c2dm.permission.SEND" >
138-->[:firebase_messaging] AndroidManifest.xml:27:13-73
139            <intent-filter>
139-->[:firebase_messaging] AndroidManifest.xml:28:13-30:29
140                <action android:name="com.google.android.c2dm.intent.RECEIVE" />
140-->[:firebase_messaging] AndroidManifest.xml:29:17-81
140-->[:firebase_messaging] AndroidManifest.xml:29:25-78
141            </intent-filter>
142        </receiver>
143
144        <provider
144-->[:firebase_messaging] AndroidManifest.xml:39:9-43:38
145            android:name="io.flutter.plugins.firebase.messaging.FlutterFirebaseMessagingInitProvider"
145-->[:firebase_messaging] AndroidManifest.xml:40:13-102
146            android:authorities="com.example.unico.flutterfirebasemessaginginitprovider"
146-->[:firebase_messaging] AndroidManifest.xml:41:13-88
147            android:exported="false"
147-->[:firebase_messaging] AndroidManifest.xml:42:13-37
148            android:initOrder="99" />
148-->[:firebase_messaging] AndroidManifest.xml:43:13-35
149
150        <receiver
150-->[:flutter_local_notifications] AndroidManifest.xml:13:9-15:40
151            android:name="com.dexterous.flutterlocalnotifications.ScheduledNotificationReceiver"
151-->[:flutter_local_notifications] AndroidManifest.xml:14:13-97
152            android:exported="false" />
152-->[:flutter_local_notifications] AndroidManifest.xml:15:13-37
153        <receiver
153-->[:flutter_local_notifications] AndroidManifest.xml:16:9-25:20
154            android:name="com.dexterous.flutterlocalnotifications.ScheduledNotificationBootReceiver"
154-->[:flutter_local_notifications] AndroidManifest.xml:17:13-101
155            android:exported="false" >
155-->[:flutter_local_notifications] AndroidManifest.xml:18:13-37
156            <intent-filter>
156-->[:flutter_local_notifications] AndroidManifest.xml:19:13-24:29
157                <action android:name="android.intent.action.BOOT_COMPLETED" />
157-->[:flutter_local_notifications] AndroidManifest.xml:20:17-79
157-->[:flutter_local_notifications] AndroidManifest.xml:20:25-76
158                <action android:name="android.intent.action.MY_PACKAGE_REPLACED" />
158-->[:flutter_local_notifications] AndroidManifest.xml:21:17-84
158-->[:flutter_local_notifications] AndroidManifest.xml:21:25-81
159                <action android:name="android.intent.action.QUICKBOOT_POWERON" />
159-->[:flutter_local_notifications] AndroidManifest.xml:22:17-82
159-->[:flutter_local_notifications] AndroidManifest.xml:22:25-79
160                <action android:name="com.htc.intent.action.QUICKBOOT_POWERON" />
160-->[:flutter_local_notifications] AndroidManifest.xml:23:17-82
160-->[:flutter_local_notifications] AndroidManifest.xml:23:25-79
161            </intent-filter>
162        </receiver>
163        <receiver
163-->[com.google.firebase:firebase-messaging:23.0.0] AndroidManifest.xml:28:9-35:20
164            android:name="com.google.firebase.iid.FirebaseInstanceIdReceiver"
164-->[com.google.firebase:firebase-messaging:23.0.0] AndroidManifest.xml:29:13-78
165            android:exported="true"
165-->[com.google.firebase:firebase-messaging:23.0.0] AndroidManifest.xml:30:13-36
166            android:permission="com.google.android.c2dm.permission.SEND" >
166-->[com.google.firebase:firebase-messaging:23.0.0] AndroidManifest.xml:31:13-73
167            <intent-filter>
167-->[:firebase_messaging] AndroidManifest.xml:28:13-30:29
168                <action android:name="com.google.android.c2dm.intent.RECEIVE" />
168-->[:firebase_messaging] AndroidManifest.xml:29:17-81
168-->[:firebase_messaging] AndroidManifest.xml:29:25-78
169            </intent-filter>
170        </receiver>
171        <!--
172             FirebaseMessagingService performs security checks at runtime,
173             but set to not exported to explicitly avoid allowing another app to call it.
174        -->
175        <service
175-->[com.google.firebase:firebase-messaging:23.0.0] AndroidManifest.xml:41:9-48:19
176            android:name="com.google.firebase.messaging.FirebaseMessagingService"
176-->[com.google.firebase:firebase-messaging:23.0.0] AndroidManifest.xml:42:13-82
177            android:directBootAware="true"
177-->[com.google.firebase:firebase-messaging:23.0.0] AndroidManifest.xml:43:13-43
178            android:exported="false" >
178-->[com.google.firebase:firebase-messaging:23.0.0] AndroidManifest.xml:44:13-37
179            <intent-filter android:priority="-500" >
179-->[:firebase_messaging] AndroidManifest.xml:19:13-21:29
180                <action android:name="com.google.firebase.MESSAGING_EVENT" />
180-->[:firebase_messaging] AndroidManifest.xml:20:17-78
180-->[:firebase_messaging] AndroidManifest.xml:20:25-75
181            </intent-filter>
182        </service>
183        <service
183-->[com.google.android.datatransport:transport-backend-cct:3.0.0] AndroidManifest.xml:29:9-35:19
184            android:name="com.google.android.datatransport.runtime.backends.TransportBackendDiscovery"
184-->[com.google.android.datatransport:transport-backend-cct:3.0.0] AndroidManifest.xml:30:13-103
185            android:exported="false" >
185-->[com.google.android.datatransport:transport-backend-cct:3.0.0] AndroidManifest.xml:31:13-37
186            <meta-data
186-->[com.google.android.datatransport:transport-backend-cct:3.0.0] AndroidManifest.xml:32:13-34:39
187                android:name="backend:com.google.android.datatransport.cct.CctBackendFactory"
187-->[com.google.android.datatransport:transport-backend-cct:3.0.0] AndroidManifest.xml:33:17-94
188                android:value="cct" />
188-->[com.google.android.datatransport:transport-backend-cct:3.0.0] AndroidManifest.xml:34:17-36
189        </service>
190
191        <activity
191-->[com.google.firebase:firebase-auth:21.0.1] AndroidManifest.xml:27:9-44:20
192            android:name="com.google.firebase.auth.internal.GenericIdpActivity"
192-->[com.google.firebase:firebase-auth:21.0.1] AndroidManifest.xml:28:13-80
193            android:excludeFromRecents="true"
193-->[com.google.firebase:firebase-auth:21.0.1] AndroidManifest.xml:29:13-46
194            android:exported="true"
194-->[com.google.firebase:firebase-auth:21.0.1] AndroidManifest.xml:30:13-36
195            android:launchMode="singleTask"
195-->[com.google.firebase:firebase-auth:21.0.1] AndroidManifest.xml:31:13-44
196            android:theme="@android:style/Theme.Translucent.NoTitleBar" >
196-->[com.google.firebase:firebase-auth:21.0.1] AndroidManifest.xml:32:13-72
197            <intent-filter>
197-->[com.google.firebase:firebase-auth:21.0.1] AndroidManifest.xml:33:13-43:29
198                <action android:name="android.intent.action.VIEW" />
198-->[com.google.firebase:firebase-auth:21.0.1] AndroidManifest.xml:34:17-69
198-->[com.google.firebase:firebase-auth:21.0.1] AndroidManifest.xml:34:25-66
199
200                <category android:name="android.intent.category.DEFAULT" />
200-->[com.google.firebase:firebase-auth:21.0.1] AndroidManifest.xml:36:17-76
200-->[com.google.firebase:firebase-auth:21.0.1] AndroidManifest.xml:36:27-73
201                <category android:name="android.intent.category.BROWSABLE" />
201-->[com.google.firebase:firebase-auth:21.0.1] AndroidManifest.xml:37:17-78
201-->[com.google.firebase:firebase-auth:21.0.1] AndroidManifest.xml:37:27-75
202
203                <data
203-->[:file_picker] AndroidManifest.xml:13:13-44
204                    android:host="firebase.auth"
205                    android:path="/"
206                    android:scheme="genericidp" />
207            </intent-filter>
208        </activity>
209        <activity
209-->[com.google.firebase:firebase-auth:21.0.1] AndroidManifest.xml:45:9-62:20
210            android:name="com.google.firebase.auth.internal.RecaptchaActivity"
210-->[com.google.firebase:firebase-auth:21.0.1] AndroidManifest.xml:46:13-79
211            android:excludeFromRecents="true"
211-->[com.google.firebase:firebase-auth:21.0.1] AndroidManifest.xml:47:13-46
212            android:exported="true"
212-->[com.google.firebase:firebase-auth:21.0.1] AndroidManifest.xml:48:13-36
213            android:launchMode="singleTask"
213-->[com.google.firebase:firebase-auth:21.0.1] AndroidManifest.xml:49:13-44
214            android:theme="@android:style/Theme.Translucent.NoTitleBar" >
214-->[com.google.firebase:firebase-auth:21.0.1] AndroidManifest.xml:50:13-72
215            <intent-filter>
215-->[com.google.firebase:firebase-auth:21.0.1] AndroidManifest.xml:51:13-61:29
216                <action android:name="android.intent.action.VIEW" />
216-->[com.google.firebase:firebase-auth:21.0.1] AndroidManifest.xml:34:17-69
216-->[com.google.firebase:firebase-auth:21.0.1] AndroidManifest.xml:34:25-66
217
218                <category android:name="android.intent.category.DEFAULT" />
218-->[com.google.firebase:firebase-auth:21.0.1] AndroidManifest.xml:36:17-76
218-->[com.google.firebase:firebase-auth:21.0.1] AndroidManifest.xml:36:27-73
219                <category android:name="android.intent.category.BROWSABLE" />
219-->[com.google.firebase:firebase-auth:21.0.1] AndroidManifest.xml:37:17-78
219-->[com.google.firebase:firebase-auth:21.0.1] AndroidManifest.xml:37:27-75
220
221                <data
221-->[:file_picker] AndroidManifest.xml:13:13-44
222                    android:host="firebase.auth"
223                    android:path="/"
224                    android:scheme="recaptcha" />
225            </intent-filter>
226        </activity>
227
228        <service
228-->[com.google.firebase:firebase-auth:21.0.1] AndroidManifest.xml:64:9-73:19
229            android:name="com.google.firebase.auth.api.fallback.service.FirebaseAuthFallbackService"
229-->[com.google.firebase:firebase-auth:21.0.1] AndroidManifest.xml:65:13-101
230            android:enabled="true"
230-->[com.google.firebase:firebase-auth:21.0.1] AndroidManifest.xml:66:13-35
231            android:exported="false" >
231-->[com.google.firebase:firebase-auth:21.0.1] AndroidManifest.xml:67:13-37
232            <intent-filter>
232-->[com.google.firebase:firebase-auth:21.0.1] AndroidManifest.xml:68:13-72:29
233                <action android:name="com.google.firebase.auth.api.gms.service.START" />
233-->[com.google.firebase:firebase-auth:21.0.1] AndroidManifest.xml:69:17-89
233-->[com.google.firebase:firebase-auth:21.0.1] AndroidManifest.xml:69:25-86
234
235                <category android:name="android.intent.category.DEFAULT" />
235-->[com.google.firebase:firebase-auth:21.0.1] AndroidManifest.xml:36:17-76
235-->[com.google.firebase:firebase-auth:21.0.1] AndroidManifest.xml:36:27-73
236            </intent-filter>
237        </service>
238
239        <provider
239-->[com.google.firebase:firebase-common:20.0.0] AndroidManifest.xml:26:9-31:39
240            android:name="com.google.firebase.provider.FirebaseInitProvider"
240-->[com.google.firebase:firebase-common:20.0.0] AndroidManifest.xml:27:13-77
241            android:authorities="com.example.unico.firebaseinitprovider"
241-->[com.google.firebase:firebase-common:20.0.0] AndroidManifest.xml:28:13-72
242            android:directBootAware="true"
242-->[com.google.firebase:firebase-common:20.0.0] AndroidManifest.xml:29:13-43
243            android:exported="false"
243-->[com.google.firebase:firebase-common:20.0.0] AndroidManifest.xml:30:13-37
244            android:initOrder="100" />
244-->[com.google.firebase:firebase-common:20.0.0] AndroidManifest.xml:31:13-36
245
246        <receiver
246-->[com.google.android.gms:play-services-measurement:20.0.2] AndroidManifest.xml:29:9-33:20
247            android:name="com.google.android.gms.measurement.AppMeasurementReceiver"
247-->[com.google.android.gms:play-services-measurement:20.0.2] AndroidManifest.xml:30:13-85
248            android:enabled="true"
248-->[com.google.android.gms:play-services-measurement:20.0.2] AndroidManifest.xml:31:13-35
249            android:exported="false" >
249-->[com.google.android.gms:play-services-measurement:20.0.2] AndroidManifest.xml:32:13-37
250        </receiver>
251
252        <service
252-->[com.google.android.gms:play-services-measurement:20.0.2] AndroidManifest.xml:35:9-38:40
253            android:name="com.google.android.gms.measurement.AppMeasurementService"
253-->[com.google.android.gms:play-services-measurement:20.0.2] AndroidManifest.xml:36:13-84
254            android:enabled="true"
254-->[com.google.android.gms:play-services-measurement:20.0.2] AndroidManifest.xml:37:13-35
255            android:exported="false" />
255-->[com.google.android.gms:play-services-measurement:20.0.2] AndroidManifest.xml:38:13-37
256        <service
256-->[com.google.android.gms:play-services-measurement:20.0.2] AndroidManifest.xml:39:9-43:72
257            android:name="com.google.android.gms.measurement.AppMeasurementJobService"
257-->[com.google.android.gms:play-services-measurement:20.0.2] AndroidManifest.xml:40:13-87
258            android:enabled="true"
258-->[com.google.android.gms:play-services-measurement:20.0.2] AndroidManifest.xml:41:13-35
259            android:exported="false"
259-->[com.google.android.gms:play-services-measurement:20.0.2] AndroidManifest.xml:42:13-37
260            android:permission="android.permission.BIND_JOB_SERVICE" />
260-->[com.google.android.gms:play-services-measurement:20.0.2] AndroidManifest.xml:43:13-69
261
262        <activity
262-->[com.google.android.gms:play-services-auth:16.0.1] AndroidManifest.xml:23:9-27:75
263            android:name="com.google.android.gms.auth.api.signin.internal.SignInHubActivity"
263-->[com.google.android.gms:play-services-auth:16.0.1] AndroidManifest.xml:24:13-93
264            android:excludeFromRecents="true"
264-->[com.google.android.gms:play-services-auth:16.0.1] AndroidManifest.xml:25:13-46
265            android:exported="false"
265-->[com.google.android.gms:play-services-auth:16.0.1] AndroidManifest.xml:26:13-37
266            android:theme="@android:style/Theme.Translucent.NoTitleBar" />
266-->[com.google.android.gms:play-services-auth:16.0.1] AndroidManifest.xml:27:13-72
267        <!--
268            Service handling Google Sign-In user revocation. For apps that do not integrate with
269            Google Sign-In, this service will never be started.
270        -->
271        <service
271-->[com.google.android.gms:play-services-auth:16.0.1] AndroidManifest.xml:33:9-36:110
272            android:name="com.google.android.gms.auth.api.signin.RevocationBoundService"
272-->[com.google.android.gms:play-services-auth:16.0.1] AndroidManifest.xml:34:13-89
273            android:exported="true"
273-->[com.google.android.gms:play-services-auth:16.0.1] AndroidManifest.xml:35:13-36
274            android:permission="com.google.android.gms.auth.api.signin.permission.REVOCATION_NOTIFICATION" />
274-->[com.google.android.gms:play-services-auth:16.0.1] AndroidManifest.xml:36:13-107
275
276        <activity
276-->[com.google.android.gms:play-services-base:17.1.0] AndroidManifest.xml:23:9-26:75
277            android:name="com.google.android.gms.common.api.GoogleApiActivity"
277-->[com.google.android.gms:play-services-base:17.1.0] AndroidManifest.xml:24:13-79
278            android:exported="false"
278-->[com.google.android.gms:play-services-base:17.1.0] AndroidManifest.xml:25:13-37
279            android:theme="@android:style/Theme.Translucent.NoTitleBar" />
279-->[com.google.android.gms:play-services-base:17.1.0] AndroidManifest.xml:26:13-72
280
281        <meta-data
281-->[com.google.android.gms:play-services-basement:18.0.0] AndroidManifest.xml:21:9-23:69
282            android:name="com.google.android.gms.version"